<?xml version="1.0" encoding="UTF-8" ?>
<testsuite failures="0" time="3.452" errors="0" skipped="0" tests="9" name="logbook.server.domain.MainClassificationIntegrationTest">
  <properties>
[...]
</properties>
  <testcase time="2.877" classname="logbook.server.domain.MainClassificationIntegrationTest" name="testMarkerMethod"/>
  <testcase time="0.192" classname="logbook.server.domain.MainClassificationIntegrationTest" name="testCountMainClassifications"/>
  <testcase time="0.032" classname="logbook.server.domain.MainClassificationIntegrationTest" name="testFindMainClassification"/>
  <testcase time="0.034" classname="logbook.server.domain.MainClassificationIntegrationTest" name="testFindAllMainClassifications"/>
  <testcase time="0.147" classname="logbook.server.domain.MainClassificationIntegrationTest" name="testFindMainClassificationEntries"/>
  <testcase time="0.053" classname="logbook.server.domain.MainClassificationIntegrationTest" name="testFlush"/>
  <testcase time="0.033" classname="logbook.server.domain.MainClassificationIntegrationTest" name="testMergeUpdate"/>
  <testcase time="0.042" classname="logbook.server.domain.MainClassificationIntegrationTest" name="testPersist"/>
  <testcase time="0.042" classname="logbook.server.domain.MainClassificationIntegrationTest" name="testRemove"/>
</testsuite>